<?xml version="1.0" encoding="UTF-8"?>
<testsuite xmlns:xsi="http://www.w3.org/2001/XMLSchema-instance" xsi:noNamespaceSchemaLocation="https://maven.apache.org/surefire/maven-surefire-plugin/xsd/surefire-test-report-3.0.xsd" version="3.0" name="customerServices.softsuave.controllerTest" time="0.991" tests="3" errors="0" skipped="0" failures="2">
  <properties>
[...]
</properties>
  <testcase name="getCustomerTest" classname="customerServices.softsuave.controllerTest" time="0.761">
    <failure message="expected: &lt;{&quot;customerId&quot;:0,&quot;customerName&quot;:null,&quot;email&quot;:null,&quot;address&quot;:null,&quot;creationDate&quot;:1728650380601,&quot;lastUpdatedDate&quot;:null,&quot;password&quot;:null,&quot;role&quot;:null,&quot;cashValut&quot;:100,&quot;active&quot;:false}&gt; but was: &lt;{&quot;customerId&quot;:1,&quot;customerName&quot;:&quot;John Doe&quot;,&quot;email&quot;:&quot;john.doe@gmail.com&quot;,&quot;address&quot;:&quot;123 Main St, Springfield&quot;,&quot;creationDate&quot;:1728650380599,&quot;lastUpdatedDate&quot;:1728650380599,&quot;password&quot;:&quot;password123&quot;,&quot;role&quot;:&quot;USER&quot;,&quot;cashValut&quot;:100,&quot;active&quot;:true}&gt;" type="org.opentest4j.AssertionFailedError"><![CDATA[org.opentest4j.AssertionFailedError: expected: <{"customerId":0,"customerName":null,"email":null,"address":null,"creationDate":1728650380601,"lastUpdatedDate":null,"password":null,"role":null,"cashValut":100,"active":false}> but was: <{"customerId":1,"customerName":"John Doe","email":"john.doe@gmail.com","address":"123 Main St, Springfield","creationDate":1728650380599,"lastUpdatedDate":1728650380599,"password":"password123","role":"USER","cashValut":100,"active":true}>
	at org.junit.jupiter.api.AssertionFailureBuilder.build(AssertionFailureBuilder.java:151)
	at org.junit.jupiter.api.AssertionFailureBuilder.buildAndThrow(AssertionFailureBuilder.java:132)
	at org.junit.jupiter.api.AssertEquals.failNotEqual(AssertEquals.java:197)
	at org.junit.jupiter.api.AssertEquals.assertEquals(AssertEquals.java:182)
	at org.junit.jupiter.api.AssertEquals.assertEquals(AssertEquals.java:177)
	at org.junit.jupiter.api.Assertions.assertEquals(Assertions.java:1145)
	at customerServices.softsuave.controllerTest.getCustomerTest(controllerTest.java:82)
	at java.base/java.lang.reflect.Method.invoke(Method.java:580)
	at java.base/java.util.ArrayList.forEach(ArrayList.java:1597)
	at java.base/java.util.ArrayList.forEach(ArrayList.java:1597)
]]></failure>
  </testcase>
  <testcase name="softDeleteCustomerTest" classname="customerServices.softsuave.controllerTest" time="0.007">
    <failure message="expected: &lt;&quot;customer deleted&quot;&gt; but was: &lt;{&quot;customerId&quot;:1,&quot;customerName&quot;:&quot;John Doe&quot;,&quot;email&quot;:&quot;john.doe@gmail.com&quot;,&quot;address&quot;:&quot;123 Main St, Springfield&quot;,&quot;creationDate&quot;:1728650380778,&quot;lastUpdatedDate&quot;:1728650380778,&quot;password&quot;:&quot;password123&quot;,&quot;role&quot;:&quot;USER&quot;,&quot;cashValut&quot;:100,&quot;active&quot;:true}&gt;" type="org.opentest4j.AssertionFailedError"><![CDATA[org.opentest4j.AssertionFailedError: expected: <"customer deleted"> but was: <{"customerId":1,"customerName":"John Doe","email":"john.doe@gmail.com","address":"123 Main St, Springfield","creationDate":1728650380778,"lastUpdatedDate":1728650380778,"password":"password123","role":"USER","cashValut":100,"active":true}>
	at org.junit.jupiter.api.AssertionFailureBuilder.build(AssertionFailureBuilder.java:151)
	at org.junit.jupiter.api.AssertionFailureBuilder.buildAndThrow(AssertionFailureBuilder.java:132)
	at org.junit.jupiter.api.AssertEquals.failNotEqual(AssertEquals.java:197)
	at org.junit.jupiter.api.AssertEquals.assertEquals(AssertEquals.java:182)
	at org.junit.jupiter.api.AssertEquals.assertEquals(AssertEquals.java:177)
	at org.junit.jupiter.api.Assertions.assertEquals(Assertions.java:1145)
	at customerServices.softsuave.controllerTest.softDeleteCustomerTest(controllerTest.java:91)
	at java.base/java.lang.reflect.Method.invoke(Method.java:580)
	at java.base/java.util.ArrayList.forEach(ArrayList.java:1597)
	at java.base/java.util.ArrayList.forEach(ArrayList.java:1597)
]]></failure>
  </testcase>
  <testcase name="saveCustomerDetailsTest" classname="customerServices.softsuave.controllerTest" time="0.013"/>
</testsuite>